2018-11-01 02:06:53 startup archives unpack
2018-11-01 02:06:53 upgrade phpmyadmin:all 4:4.6.6-5 4:4.6.6-5
2018-11-01 02:06:53 status half-configured phpmyadmin:all 4:4.6.6-5
2018-11-01 02:06:55 status unpacked phpmyadmin:all 4:4.6.6-5
2018-11-01 02:06:55 status half-installed phpmyadmin:all 4:4.6.6-5
2018-11-01 02:06:55 status triggers-pending hicolor-icon-theme:all 0.17-2
2018-11-01 02:06:55 status triggers-pending man-db:amd64 2.8.3-2
2018-11-01 02:06:59 status half-installed phpmyadmin:all 4:4.6.6-5
2018-11-01 02:07:00 status unpacked phpmyadmin:all 4:4.6.6-5
2018-11-01 02:07:00 status unpacked phpmyadmin:all 4:4.6.6-5
2018-11-01 02:07:01 startup packages configure
2018-11-01 02:07:01 configure phpmyadmin:all 4:4.6.6-5 <none>
2018-11-01 02:07:01 status unpacked phpmyadmin:all 4:4.6.6-5
2018-11-01 02:07:01 status unpacked phpmyadmin:all 4:4.6.6-5
2018-11-01 02:07:01 status unpacked phpmyadmin:all 4:4.6.6-5
2018-11-01 02:07:01 status unpacked phpmyadmin:all 4:4.6.6-5
2018-11-01 02:07:01 status unpacked phpmyadmin:all 4:4.6.6-5
2018-11-01 02:07:01 status unpacked phpmyadmin:all 4:4.6.6-5
2018-11-01 02:07:01 status unpacked phpmyadmin:all 4:4.6.6-5
2018-11-01 02:07:01 status unpacked phpmyadmin:all 4:4.6.6-5
2018-11-01 02:07:01 status half-configured phpmyadmin:all 4:4.6.6-5
2018-11-01 02:07:02 status installed phpmyadmin:all 4:4.6.6-5
2018-11-01 02:07:02 trigproc man-db:amd64 2.8.3-2 <none>
2018-11-01 02:07:02 status half-configured man-db:amd64 2.8.3-2
2018-11-01 02:07:03 status installed man-db:amd64 2.8.3-2
2018-11-01 02:07:03 trigproc hicolor-icon-theme:all 0.17-2 <none>
2018-11-01 02:07:03 status half-configured hicolor-icon-theme:all 0.17-2
2018-11-01 02:07:03 status installed hicolor-icon-theme:all 0.17-2
2018-11-01 16:46:58 startup archives unpack
2018-11-01 16:46:58 install net-tools:amd64 <none> 1.60+git20161116.90da8a0-1ubuntu1
2018-11-01 16:46:58 status half-installed net-tools:amd64 1.60+git20161116.90da8a0-1ubuntu1
2018-11-01 16:46:58 status triggers-pending man-db:amd64 2.8.3-2
2018-11-01 16:47:04 status unpacked net-tools:amd64 1.60+git20161116.90da8a0-1ubuntu1
2018-11-01 16:47:04 status unpacked net-tools:amd64 1.60+git20161116.90da8a0-1ubuntu1
2018-11-01 16:47:05 startup packages configure
2018-11-01 16:47:05 trigproc man-db:amd64 2.8.3-2 <none>
2018-11-01 16:47:05 status half-configured man-db:amd64 2.8.3-2
2018-11-01 16:47:08 status installed man-db:amd64 2.8.3-2
2018-11-01 16:47:09 configure net-tools:amd64 1.60+git20161116.90da8a0-1ubuntu1 <none>
2018-11-01 16:47:09 status unpacked net-tools:amd64 1.60+git20161116.90da8a0-1ubuntu1
2018-11-01 16:47:09 status half-configured net-tools:amd64 1.60+git20161116.90da8a0-1ubuntu1
2018-11-01 16:47:09 status installed net-tools:amd64 1.60+git20161116.90da8a0-1ubuntu1
2018-11-01 20:34:20 startup archives unpack
2018-11-01 20:34:20 install liberror-perl:all <none> 0.17025-1
2018-11-01 20:34:20 status half-installed liberror-perl:all 0.17025-1
2018-11-01 20:34:20 status triggers-pending man-db:amd64 2.8.3-2
2018-11-01 20:34:20 status unpacked liberror-perl:all 0.17025-1
2018-11-01 20:34:20 status unpacked liberror-perl:all 0.17025-1
2018-11-01 20:34:20 install git-man:all <none> 1:2.17.1-1ubuntu0.3
2018-11-01 20:34:20 status half-installed git-man:all 1:2.17.1-1ubuntu0.3
2018-11-01 20:34:21 status unpacked git-man:all 1:2.17.1-1ubuntu0.3
2018-11-01 20:34:21 status unpacked git-man:all 1:2.17.1-1ubuntu0.3
2018-11-01 20:34:21 install git:amd64 <none> 1:2.17.1-1ubuntu0.3
2018-11-01 20:34:21 status half-installed git:amd64 1:2.17.1-1ubuntu0.3
2018-11-01 20:34:26 status unpacked git:amd64 1:2.17.1-1ubuntu0.3
2018-11-01 20:34:26 status unpacked git:amd64 1:2.17.1-1ubuntu0.3
2018-11-01 20:34:26 install libtcl8.6:amd64 <none> 8.6.8+dfsg-3
2018-11-01 20:34:26 status triggers-pending libc-bin:amd64 2.27-3ubuntu1
2018-11-01 20:34:26 status half-installed libtcl8.6:amd64 8.6.8+dfsg-3
2018-11-01 20:34:28 status unpacked libtcl8.6:amd64 8.6.8+dfsg-3
2018-11-01 20:34:28 status unpacked libtcl8.6:amd64 8.6.8+dfsg-3
2018-11-01 20:34:28 install libtk8.6:amd64 <none> 8.6.8-4
2018-11-01 20:34:28 status half-installed libtk8.6:amd64 8.6.8-4
2018-11-01 20:34:29 status unpacked libtk8.6:amd64 8.6.8-4
2018-11-01 20:34:29 status unpacked libtk8.6:amd64 8.6.8-4
2018-11-01 20:34:29 install tk8.6:amd64 <none> 8.6.8-4
2018-11-01 20:34:29 status half-installed tk8.6:amd64 8.6.8-4
2018-11-01 20:34:29 status unpacked tk8.6:amd64 8.6.8-4
2018-11-01 20:34:29 status unpacked tk8.6:amd64 8.6.8-4
2018-11-01 20:34:29 install tcl8.6:amd64 <none> 8.6.8+dfsg-3
2018-11-01 20:34:29 status half-installed tcl8.6:amd64 8.6.8+dfsg-3
2018-11-01 20:34:29 status unpacked tcl8.6:amd64 8.6.8+dfsg-3
2018-11-01 20:34:29 status unpacked tcl8.6:amd64 8.6.8+dfsg-3
2018-11-01 20:34:29 install tcl:amd64 <none> 8.6.0+9
2018-11-01 20:34:29 status half-installed tcl:amd64 8.6.0+9
2018-11-01 20:34:29 status unpacked tcl:amd64 8.6.0+9
2018-11-01 20:34:29 status unpacked tcl:amd64 8.6.0+9
2018-11-01 20:34:29 install tk:amd64 <none> 8.6.0+9
2018-11-01 20:34:29 status half-installed tk:amd64 8.6.0+9
2018-11-01 20:34:29 status unpacked tk:amd64 8.6.0+9
2018-11-01 20:34:29 status unpacked tk:amd64 8.6.0+9
2018-11-01 20:34:29 install gitk:all <none> 1:2.17.1-1ubuntu0.3
2018-11-01 20:34:29 status half-installed gitk:all 1:2.17.1-1ubuntu0.3
2018-11-01 20:34:30 status unpacked gitk:all 1:2.17.1-1ubuntu0.3
2018-11-01 20:34:30 status unpacked gitk:all 1:2.17.1-1ubuntu0.3
2018-11-01 20:34:30 startup packages configure
2018-11-01 20:34:30 configure git-man:all 1:2.17.1-1ubuntu0.3 <none>
2018-11-01 20:34:30 status unpacked git-man:all 1:2.17.1-1ubuntu0.3
2018-11-01 20:34:30 status half-configured git-man:all 1:2.17.1-1ubuntu0.3
2018-11-01 20:34:30 status installed git-man:all 1:2.17.1-1ubuntu0.3
2018-11-01 20:34:30 configure liberror-perl:all 0.17025-1 <none>
2018-11-01 20:34:30 status unpacked liberror-perl:all 0.17025-1
2018-11-01 20:34:30 status half-configured liberror-perl:all 0.17025-1
2018-11-01 20:34:30 status installed liberror-perl:all 0.17025-1
2018-11-01 20:34:30 trigproc libc-bin:amd64 2.27-3ubuntu1 <none>
2018-11-01 20:34:30 status half-configured libc-bin:amd64 2.27-3ubuntu1
2018-11-01 20:34:30 status installed libc-bin:amd64 2.27-3ubuntu1
2018-11-01 20:34:30 trigproc man-db:amd64 2.8.3-2 <none>
2018-11-01 20:34:30 status half-configured man-db:amd64 2.8.3-2
2018-11-01 20:34:37 status installed man-db:amd64 2.8.3-2
2018-11-01 20:34:37 configure libtcl8.6:amd64 8.6.8+dfsg-3 <none>
2018-11-01 20:34:37 status triggers-pending libc-bin:amd64 2.27-3ubuntu1
2018-11-01 20:34:37 status unpacked libtcl8.6:amd64 8.6.8+dfsg-3
2018-11-01 20:34:37 status half-configured libtcl8.6:amd64 8.6.8+dfsg-3
2018-11-01 20:34:37 status installed libtcl8.6:amd64 8.6.8+dfsg-3
2018-11-01 20:34:37 configure git:amd64 1:2.17.1-1ubuntu0.3 <none>
2018-11-01 20:34:37 status unpacked git:amd64 1:2.17.1-1ubuntu0.3
2018-11-01 20:34:37 status unpacked git:amd64 1:2.17.1-1ubuntu0.3
2018-11-01 20:34:38 status half-configured git:amd64 1:2.17.1-1ubuntu0.3
2018-11-01 20:34:38 status installed git:amd64 1:2.17.1-1ubuntu0.3
2018-11-01 20:34:38 configure libtk8.6:amd64 8.6.8-4 <none>
2018-11-01 20:34:38 status unpacked libtk8.6:amd64 8.6.8-4
2018-11-01 20:34:38 status half-configured libtk8.6:amd64 8.6.8-4
2018-11-01 20:34:38 status installed libtk8.6:amd64 8.6.8-4
2018-11-01 20:34:38 configure tcl8.6:amd64 8.6.8+dfsg-3 <none>
2018-11-01 20:34:38 status unpacked tcl8.6:amd64 8.6.8+dfsg-3
2018-11-01 20:34:38 status half-configured tcl8.6:amd64 8.6.8+dfsg-3
2018-11-01 20:34:38 status installed tcl8.6:amd64 8.6.8+dfsg-3
2018-11-01 20:34:38 configure tk8.6:amd64 8.6.8-4 <none>
2018-11-01 20:34:38 status unpacked tk8.6:amd64 8.6.8-4
2018-11-01 20:34:38 status half-configured tk8.6:amd64 8.6.8-4
2018-11-01 20:34:38 status installed tk8.6:amd64 8.6.8-4
2018-11-01 20:34:38 configure tcl:amd64 8.6.0+9 <none>
2018-11-01 20:34:38 status unpacked tcl:amd64 8.6.0+9
2018-11-01 20:34:38 status half-configured tcl:amd64 8.6.0+9
2018-11-01 20:34:38 status installed tcl:amd64 8.6.0+9
2018-11-01 20:34:38 configure tk:amd64 8.6.0+9 <none>
2018-11-01 20:34:38 status unpacked tk:amd64 8.6.0+9
2018-11-01 20:34:38 status half-configured tk:amd64 8.6.0+9
2018-11-01 20:34:38 status installed tk:amd64 8.6.0+9
2018-11-01 20:34:38 configure gitk:all 1:2.17.1-1ubuntu0.3 <none>
2018-11-01 20:34:38 status unpacked gitk:all 1:2.17.1-1ubuntu0.3
2018-11-01 20:34:38 status half-configured gitk:all 1:2.17.1-1ubuntu0.3
2018-11-01 20:34:38 status installed gitk:all 1:2.17.1-1ubuntu0.3
2018-11-01 20:34:38 trigproc libc-bin:amd64 2.27-3ubuntu1 <none>
2018-11-01 20:34:38 status half-configured libc-bin:amd64 2.27-3ubuntu1
2018-11-01 20:34:38 status installed libc-bin:amd64 2.27-3ubuntu1
2018-11-01 20:43:50 startup archives unpack
2018-11-01 20:43:50 install vim-runtime:all <none> 2:8.0.1453-1ubuntu1
2018-11-01 20:43:50 status half-installed vim-runtime:all 2:8.0.1453-1ubuntu1
2018-11-01 20:43:50 status triggers-pending man-db:amd64 2.8.3-2
2018-11-01 20:43:54 status unpacked vim-runtime:all 2:8.0.1453-1ubuntu1
2018-11-01 20:43:54 status unpacked vim-runtime:all 2:8.0.1453-1ubuntu1
2018-11-01 20:43:54 install vim:amd64 <none> 2:8.0.1453-1ubuntu1
2018-11-01 20:43:54 status half-installed vim:amd64 2:8.0.1453-1ubuntu1
2018-11-01 20:43:54 status unpacked vim:amd64 2:8.0.1453-1ubuntu1
2018-11-01 20:43:54 status unpacked vim:amd64 2:8.0.1453-1ubuntu1
2018-11-01 20:43:54 startup packages configure
2018-11-01 20:43:54 trigproc man-db:amd64 2.8.3-2 <none>
2018-11-01 20:43:54 status half-configured man-db:amd64 2.8.3-2
2018-11-01 20:43:56 status installed man-db:amd64 2.8.3-2
2018-11-01 20:43:56 configure vim-runtime:all 2:8.0.1453-1ubuntu1 <none>
2018-11-01 20:43:56 status unpacked vim-runtime:all 2:8.0.1453-1ubuntu1
2018-11-01 20:43:56 status half-configured vim-runtime:all 2:8.0.1453-1ubuntu1
2018-11-01 20:43:57 status installed vim-runtime:all 2:8.0.1453-1ubuntu1
2018-11-01 20:43:57 configure vim:amd64 2:8.0.1453-1ubuntu1 <none>
2018-11-01 20:43:57 status unpacked vim:amd64 2:8.0.1453-1ubuntu1
2018-11-01 20:43:57 status half-configured vim:amd64 2:8.0.1453-1ubuntu1
2018-11-01 20:43:57 status installed vim:amd64 2:8.0.1453-1ubuntu1
