
Start-Date: 2018-11-01  02:06:53
Commandline: apt-get install --reinstall phpmyadmin
Requested-By: rich (1000)
Reinstall: phpmyadmin:amd64 (4:4.6.6-5)
End-Date: 2018-11-01  02:07:03

Start-Date: 2018-11-01  16:46:57
Commandline: apt install net-tools
Requested-By: rich (1000)
Install: net-tools:amd64 (1.60+git20161116.90da8a0-1ubuntu1)
End-Date: 2018-11-01  16:47:09

Start-Date: 2018-11-01  20:34:20
Commandline: apt-get install gitk
Requested-By: rich (1000)
Install: tk:amd64 (8.6.0+9, automatic), git-man:amd64 (1:2.17.1-1ubuntu0.3, automatic), libtcl8.6:amd64 (8.6.8+dfsg-3, automatic), git:amd64 (1:2.17.1-1ubuntu0.3, automatic), gitk:amd64 (1:2.17.1-1ubuntu0.3), tcl:amd64 (8.6.0+9, automatic), tk8.6:amd64 (8.6.8-4, automatic), tcl8.6:amd64 (8.6.8+dfsg-3, automatic), libtk8.6:amd64 (8.6.8-4, automatic), liberror-perl:amd64 (0.17025-1, automatic)
End-Date: 2018-11-01  20:34:38

Start-Date: 2018-11-01  20:43:50
Commandline: apt-get install vim
Requested-By: rich (1000)
Install: vim-runtime:amd64 (2:8.0.1453-1ubuntu1, automatic), vim:amd64 (2:8.0.1453-1ubuntu1)
End-Date: 2018-11-01  20:43:57
